[debug] [2025-04-03T16:31:48.845Z] ----------------------------------------------------------------------
[debug] [2025-04-03T16:31:48.847Z] Command:       C:\Program Files\nodejs\node.exe D:\Chula_Third_Year\SE_II\CICD_Workshop\CICD_Assignment\node_modules\firebase-tools\lib\bin\firebase.js emulators:start
[debug] [2025-04-03T16:31:48.848Z] CLI Version:   14.1.0
[debug] [2025-04-03T16:31:48.848Z] Platform:      win32
[debug] [2025-04-03T16:31:48.848Z] Node Version:  v20.11.1
[debug] [2025-04-03T16:31:48.848Z] Time:          Thu Apr 03 2025 23:31:48 GMT+0700 (เวลาอินโดจีน)
[debug] [2025-04-03T16:31:48.848Z] ----------------------------------------------------------------------
[debug] 
[debug] [2025-04-03T16:31:49.049Z] > command requires scopes: ["email","openid","https://www.googleapis.com/auth/cloudplatformprojects.readonly","https://www.googleapis.com/auth/firebase","https://www.googleapis.com/auth/cloud-platform"]
[debug] [2025-04-03T16:31:49.050Z] > authorizing via signed-in user (thitivuthi2546@gmail.com)
[info] i  emulators: Starting emulators: hosting {"metadata":{"emulator":{"name":"hub"},"message":"Starting emulators: hosting"}}
[debug] [2025-04-03T16:31:49.058Z] [logging] Logging Emulator only supports listening on one address (127.0.0.1). Not listening on ::1
[debug] [2025-04-03T16:31:49.058Z] [hosting] Hosting Emulator only supports listening on one address (127.0.0.1). Not listening on ::1
[debug] [2025-04-03T16:31:49.059Z] assigned listening specs for emulators {"user":{"hub":[{"address":"127.0.0.1","family":"IPv4","port":4400},{"address":"::1","family":"IPv6","port":4400}],"logging":[{"address":"127.0.0.1","family":"IPv4","port":4500}],"hosting":[{"address":"127.0.0.1","family":"IPv4","port":5000}]},"metadata":{"message":"assigned listening specs for emulators"}}
[debug] [2025-04-03T16:31:49.062Z] [hub] writing locator at C:\Users\User\AppData\Local\Temp\hub-my-project-f3cc7.json
[debug] [2025-04-03T16:31:49.081Z] Checked if tokens are valid: true, expires at: 1743701289504
[debug] [2025-04-03T16:31:49.082Z] Checked if tokens are valid: true, expires at: 1743701289504
[debug] [2025-04-03T16:31:49.083Z] >>> [apiv2][query] GET https://firebasehosting.googleapis.com/v1beta1/projects/my-project-f3cc7/sites 
[debug] [2025-04-03T16:31:49.982Z] <<< [apiv2][status] GET https://firebasehosting.googleapis.com/v1beta1/projects/my-project-f3cc7/sites 200
[debug] [2025-04-03T16:31:49.982Z] <<< [apiv2][body] GET https://firebasehosting.googleapis.com/v1beta1/projects/my-project-f3cc7/sites {"sites":[{"name":"projects/my-project-f3cc7/sites/my-project-f3cc7","defaultUrl":"https://my-project-f3cc7.web.app","type":"DEFAULT_SITE"}]}
[debug] [2025-04-03T16:31:49.982Z] Checked if tokens are valid: true, expires at: 1743701289504
[debug] [2025-04-03T16:31:49.982Z] Checked if tokens are valid: true, expires at: 1743701289504
[debug] [2025-04-03T16:31:49.982Z] >>> [apiv2][query] GET https://firebase.googleapis.com/v1beta1/projects/my-project-f3cc7/webApps/-/config [none]
[debug] [2025-04-03T16:31:50.706Z] <<< [apiv2][status] GET https://firebase.googleapis.com/v1beta1/projects/my-project-f3cc7/webApps/-/config 200
[debug] [2025-04-03T16:31:50.706Z] <<< [apiv2][body] GET https://firebase.googleapis.com/v1beta1/projects/my-project-f3cc7/webApps/-/config {"projectId":"my-project-f3cc7","storageBucket":"my-project-f3cc7.firebasestorage.app","apiKey":"AIzaSyCd60epDTxwzdXob-2zJNsN5khkS1T7hV4","authDomain":"my-project-f3cc7.firebaseapp.com","messagingSenderId":"393980377923"}
[debug] [2025-04-03T16:31:50.716Z] Checked if tokens are valid: true, expires at: 1743701289504
[debug] [2025-04-03T16:31:50.716Z] Checked if tokens are valid: true, expires at: 1743701289504
[debug] [2025-04-03T16:31:50.716Z] >>> [apiv2][query] GET https://firebase.googleapis.com/v1beta1/projects/my-project-f3cc7 [none]
[debug] [2025-04-03T16:31:51.015Z] <<< [apiv2][status] GET https://firebase.googleapis.com/v1beta1/projects/my-project-f3cc7 200
[debug] [2025-04-03T16:31:51.016Z] <<< [apiv2][body] GET https://firebase.googleapis.com/v1beta1/projects/my-project-f3cc7 {"projectId":"my-project-f3cc7","projectNumber":"393980377923","displayName":"my-project","name":"projects/my-project-f3cc7","resources":{"hostingSite":"my-project-f3cc7"},"state":"ACTIVE","etag":"1_4057fa0d-ae44-4b55-9537-0ec145627581"}
[info] i  hosting[my-project-f3cc7]: Serving hosting files from: public {"metadata":{"emulator":{"name":"hosting"},"message":"Serving hosting files from: \u001b[1mpublic\u001b[22m"}}
[info] +  hosting[my-project-f3cc7]: Local server: http://127.0.0.1:5000 {"metadata":{"emulator":{"name":"hosting"},"message":"Local server: \u001b[4m\u001b[1mhttp://127.0.0.1:5000\u001b[22m\u001b[24m"}}
[warn] !  emulators: The Emulator UI is not starting, either because none of the running emulators have a UI component or the Emulator UI cannot determine the Project ID. Pass the --project flag to specify a project. {"metadata":{"emulator":{"name":"hub"},"message":"The Emulator UI is not starting, either because none of the running emulators have a UI component or the Emulator UI cannot determine the Project ID. Pass the --project flag to specify a project."}}
[debug] [2025-04-03T16:31:51.036Z] Could not find VSCode notification endpoint: FetchError: request to http://localhost:40001/vscode/notify failed, reason: . If you are not running the Firebase Data Connect VSCode extension, this is expected and not an issue.
[info] 
┌─────────────────────────────────────────────────────────────┐
│ ✔  All emulators ready! It is now safe to connect your app. │
└─────────────────────────────────────────────────────────────┘

┌──────────┬────────────────┐
│ Emulator │ Host:Port      │
├──────────┼────────────────┤
│ Hosting  │ 127.0.0.1:5000 │
└──────────┴────────────────┘
  Emulator Hub host: 127.0.0.1 port: 4400
  Other reserved ports: 4500

Issues? Report them at https://github.com/firebase/firebase-tools/issues and attach the *-debug.log files.
 
